0 info it worked if it ends with ok
1 verbose cli [ '/Users/stevenwatkins/.nvm/versions/node/v5.11.1/bin/node',
1 verbose cli   '/Users/stevenwatkins/.nvm/versions/node/v5.11.1/bin/npm',
1 verbose cli   'start' ]
2 info using npm@3.8.6
3 info using node@v5.11.1
4 verbose run-script [ 'prestart', 'start', 'poststart' ]
5 info lifecycle angular2-ts-gulp-starter-app@1.0.0~prestart: angular2-ts-gulp-starter-app@1.0.0
6 silly lifecycle angular2-ts-gulp-starter-app@1.0.0~prestart: no script for prestart, continuing
7 info lifecycle angular2-ts-gulp-starter-app@1.0.0~start: angular2-ts-gulp-starter-app@1.0.0
8 verbose lifecycle angular2-ts-gulp-starter-app@1.0.0~start: unsafe-perm in lifecycle true
9 verbose lifecycle angular2-ts-gulp-starter-app@1.0.0~start: PATH: /Users/stevenwatkins/.nvm/versions/node/v5.11.1/lib/node_modules/npm/bin/node-gyp-bin:/Users/stevenwatkins/Dropbox/javascript_projects/angular2/angular2-ts-gulp/node_modules/.bin:/Users/stevenwatkins/.nvm/versions/node/v5.11.1/bin:/Users/stevenwatkins/.gem/ruby/2.0.0/bin:/Users/stevenwatkins/.rubies/ruby-2.0.0-p598/lib/ruby/gems/2.0.0/bin:/Users/stevenwatkins/.rubies/ruby-2.0.0-p598/bin:/Users/stevenwatkins/.nvm/versions/node/v5.11.1/bin:/usr/local/share/npm/bin:/usr/local/heroku/bin:/Applications/Postgres.app/Contents/Versions/9.3/bin:/usr/bin:/bin:/usr/sbin:/sbin:/usr/local/bin
10 verbose lifecycle angular2-ts-gulp-starter-app@1.0.0~start: CWD: /Users/stevenwatkins/Dropbox/javascript_projects/angular2/angular2-ts-gulp
11 silly lifecycle angular2-ts-gulp-starter-app@1.0.0~start: Args: [ '-c',
11 silly lifecycle   'concurrently --kill-others "gulp watch" "lite-server"' ]
12 silly lifecycle angular2-ts-gulp-starter-app@1.0.0~start: Returned: code: 1  signal: null
13 info lifecycle angular2-ts-gulp-starter-app@1.0.0~start: Failed to exec start script
14 verbose stack Error: angular2-ts-gulp-starter-app@1.0.0 start: `concurrently --kill-others "gulp watch" "lite-server"`
14 verbose stack Exit status 1
14 verbose stack     at EventEmitter.<anonymous> (/Users/stevenwatkins/.nvm/versions/node/v5.11.1/lib/node_modules/npm/lib/utils/lifecycle.js:239:16)
14 verbose stack     at emitTwo (events.js:100:13)
14 verbose stack     at EventEmitter.emit (events.js:185:7)
14 verbose stack     at ChildProcess.<anonymous> (/Users/stevenwatkins/.nvm/versions/node/v5.11.1/lib/node_modules/npm/lib/utils/spawn.js:24:14)
14 verbose stack     at emitTwo (events.js:100:13)
14 verbose stack     at ChildProcess.emit (events.js:185:7)
14 verbose stack     at maybeClose (internal/child_process.js:850:16)
14 verbose stack     at Process.ChildProcess._handle.onexit (internal/child_process.js:215:5)
15 verbose pkgid angular2-ts-gulp-starter-app@1.0.0
16 verbose cwd /Users/stevenwatkins/Dropbox/javascript_projects/angular2/angular2-ts-gulp
17 error Darwin 15.4.0
18 error argv "/Users/stevenwatkins/.nvm/versions/node/v5.11.1/bin/node" "/Users/stevenwatkins/.nvm/versions/node/v5.11.1/bin/npm" "start"
19 error node v5.11.1
20 error npm  v3.8.6
21 error code ELIFECYCLE
22 error angular2-ts-gulp-starter-app@1.0.0 start: `concurrently --kill-others "gulp watch" "lite-server"`
22 error Exit status 1
23 error Failed at the angular2-ts-gulp-starter-app@1.0.0 start script 'concurrently --kill-others "gulp watch" "lite-server"'.
23 error Make sure you have the latest version of node.js and npm installed.
23 error If you do, this is most likely a problem with the angular2-ts-gulp-starter-app package,
23 error not with npm itself.
23 error Tell the author that this fails on your system:
23 error     concurrently --kill-others "gulp watch" "lite-server"
23 error You can get information on how to open an issue for this project with:
23 error     npm bugs angular2-ts-gulp-starter-app
23 error Or if that isn't available, you can get their info via:
23 error     npm owner ls angular2-ts-gulp-starter-app
23 error There is likely additional logging output above.
24 verbose exit [ 1, true ]
